<?xml version="1.0" encoding="UTF-8"?>
<!-- Generated by org.testng.reporters.JUnitReportReporter -->
<testsuite skipped="0" hostname="LKNDSS25J6MQ2" name="com.ekalw.qa.testcases.DashBoardPageTest" tests="4" failures="0" timestamp="07 Jan 2019 06:57:25 GMT" time="178.090" errors="0">
  <testcase name="validateSchoolsDashboardClickTest" time="43.007" classname="com.ekalw.qa.testcases.DashBoardPageTest"/>
  <testcase name="validateTeachersDashboardClickTest" time="41.574" classname="com.ekalw.qa.testcases.DashBoardPageTest"/>
  <testcase name="validateClusterDashboardClickTest" time="50.631" classname="com.ekalw.qa.testcases.DashBoardPageTest"/>
  <testcase name="validateStudentDashboardClickTest" time="42.878" classname="com.ekalw.qa.testcases.DashBoardPageTest"/>
</testsuite> <!-- com.ekalw.qa.testcases.DashBoardPageTest -->
