<?xml version="1.0" encoding="UTF-8"?>
<!-- Generated by org.testng.reporters.JUnitReportReporter -->
<testsuite skipped="0" hostname="LKNDSS25J6MQ2" name="com.ekalw.qa.testcases.ClusterDetailsPageTest" tests="3" failures="0" timestamp="07 Jan 2019 07:51:26 GMT" time="172.384" errors="0">
  <testcase name="verifyPageUrlTest" time="50.000" classname="com.ekalw.qa.testcases.ClusterDetailsPageTest"/>
  <testcase name="click1Link33Test" time="50.118" classname="com.ekalw.qa.testcases.ClusterDetailsPageTest"/>
  <testcase name="togetvalue" time="72.266" classname="com.ekalw.qa.testcases.ClusterDetailsPageTest"/>
</testsuite> <!-- com.ekalw.qa.testcases.ClusterDetailsPageTest -->
