<?xml version="1.0" encoding="UTF-8"?>
<!-- Generated by org.testng.reporters.JUnitReportReporter -->
<testsuite skipped="2" hostname="LKNDSS25J6MQ2" name="com.ekalw.qa.testcases.WelcomePageTest" tests="3" failures="0" timestamp="02 Jan 2019 08:56:16 GMT" time="20.504" errors="0">
  <testcase name="validatePageLoadedTest" time="20.504" classname="com.ekalw.qa.testcases.WelcomePageTest"/>
  <testcase name="validateSignInPageTest" classname="com.ekalw.qa.testcases.WelcomePageTest">
    <skipped/>
  </testcase> <!-- validateSignInPageTest -->
  <testcase name="validateWelcomePageTitleTest" classname="com.ekalw.qa.testcases.WelcomePageTest">
    <skipped/>
  </testcase> <!-- validateWelcomePageTitleTest -->
</testsuite> <!-- com.ekalw.qa.testcases.WelcomePageTest -->
