<?xml version="1.0" encoding="UTF-8"?>
<!-- Generated by org.testng.reporters.JUnitReportReporter -->
<testsuite skipped="1" hostname="LKNDSS25J6MQ2" name="com.ekalw.qa.base.ScreenRecTest" tests="2" failures="0" timestamp="07 Jan 2019 12:38:43 GMT" time="50.242" errors="0">
  <testcase name="validateWelcomePageTitleTest" time="50.242" classname="com.ekalw.qa.base.ScreenRecTest"/>
  <testcase name="validatePageLoadedTest" classname="com.ekalw.qa.base.ScreenRecTest">
    <skipped/>
  </testcase> <!-- validatePageLoadedTest -->
</testsuite> <!-- com.ekalw.qa.base.ScreenRecTest -->
