<?xml version="1.0" encoding="UTF-8"?>
<!-- Generated by org.testng.reporters.JUnitReportReporter -->
<testsuite skipped="0" hostname="LKNDSS25J6MQ2" name="com.ekalw.qa.testcases.SignInPageTest" tests="1" failures="0" timestamp="04 Jan 2019 10:42:01 GMT" time="20.182" errors="0">
  <testcase name="validateSignInPageTitleTest" time="20.182" classname="com.ekalw.qa.testcases.SignInPageTest"/>
</testsuite> <!-- com.ekalw.qa.testcases.SignInPageTest -->
