<?xml version="1.0" encoding="UTF-8"?>
<!-- Generated by org.testng.reporters.JUnitReportReporter -->
<testsuite skipped="0" hostname="LKNDSS25J6MQ2" name="com.ekalw.qa.testcases.SignInPageTest" tests="6" failures="0" timestamp="31 Dec 2018 11:26:07 GMT" time="221.834" errors="0">
  <testcase name="validateSignInPageTitleTest" time="24.787" classname="com.ekalw.qa.testcases.SignInPageTest"/>
  <testcase name="clickAcceptCookiesButtonTest" time="24.599" classname="com.ekalw.qa.testcases.SignInPageTest"/>
  <testcase name="validateSIMSImageTest" time="24.438" classname="com.ekalw.qa.testcases.SignInPageTest"/>
  <testcase name="signInWithSimsIdTest" time="45.587" classname="com.ekalw.qa.testcases.SignInPageTest"/>
  <testcase name="signInWithGoogleIdTest" time="43.787" classname="com.ekalw.qa.testcases.SignInPageTest"/>
  <testcase name="forgetPasswordForSignInWithSimsIdTest" time="58.636" classname="com.ekalw.qa.testcases.SignInPageTest"/>
</testsuite> <!-- com.ekalw.qa.testcases.SignInPageTest -->
