<?xml version="1.0" encoding="UTF-8"?>
<!-- Generated by org.testng.reporters.JUnitReportReporter -->
<testsuite skipped="0" hostname="LKNDSS25J6MQ2" name="com.ekalw.qa.testcases.WelcomePageTest" tests="2" failures="0" timestamp="01 Jan 2019 10:32:13 GMT" time="55.372" errors="0">
  <testcase name="validateWelcomePageTitleTest" time="32.946" classname="com.ekalw.qa.testcases.WelcomePageTest"/>
  <testcase name="validateSignInPageTest" time="22.426" classname="com.ekalw.qa.testcases.WelcomePageTest"/>
</testsuite> <!-- com.ekalw.qa.testcases.WelcomePageTest -->
