<?xml version="1.0" encoding="UTF-8"?>
<!-- Generated by org.testng.reporters.JUnitReportReporter -->
<testsuite skipped="0" hostname="LKNDSS25J6MQ2" name="com.ekalw.qa.pages.TestClass" tests="1" failures="0" timestamp="04 Jan 2019 09:10:42 GMT" time="69.465" errors="0">
  <testcase name="testDash" time="69.465" classname="com.ekalw.qa.pages.TestClass"/>
</testsuite> <!-- com.ekalw.qa.pages.TestClass -->
